Determining if the pthread_create exist failed with the following output:
Change Dir: /home/luan/depthsense/build/CMakeFiles/CMakeTmp

Run Build Command:/usr/bin/make "cmTryCompileExec615449078/fast"
/usr/bin/make -f CMakeFiles/cmTryCompileExec615449078.dir/build.make CMakeFiles/cmTryCompileExec615449078.dir/build
make[1]: Entering directory `/home/luan/depthsense/build/CMakeFiles/CMakeTmp'
/usr/bin/cmake -E cmake_progress_report /home/luan/depthsense/build/CMakeFiles/CMakeTmp/CMakeFiles 1
Building C object CMakeFiles/cmTryCompileExec615449078.dir/CheckSymbolExists.c.o
/usr/bin/cc    -o CMakeFiles/cmTryCompileExec615449078.dir/CheckSymbolExists.c.o   -c /home/luan/depthsense/build/CMakeFiles/CMakeTmp/CheckSymbolExists.c
Linking C executable cmTryCompileExec615449078
/usr/bin/cmake -E cmake_link_script CMakeFiles/cmTryCompileExec615449078.dir/link.txt --verbose=1
/usr/bin/cc       CMakeFiles/cmTryCompileExec615449078.dir/CheckSymbolExists.c.o  -o cmTryCompileExec615449078 -rdynamic 
CMakeFiles/cmTryCompileExec615449078.dir/CheckSymbolExists.c.o: In function `main':
CheckSymbolExists.c:(.text+0x16): undefined reference to `pthread_create'
collect2: error: ld returned 1 exit status
make[1]: *** [cmTryCompileExec615449078] Error 1
make[1]: Leaving directory `/home/luan/depthsense/build/CMakeFiles/CMakeTmp'
make: *** [cmTryCompileExec615449078/fast] Error 2

File /home/luan/depthsense/build/CMakeFiles/CMakeTmp/CheckSymbolExists.c:
/* */
#include <pthread.h>

int main(int argc, char** argv)
{
  (void)argv;
#ifndef pthread_create
  return ((int*)(&pthread_create))[argc];
#else
  (void)argc;
  return 0;
#endif
}

Determining if the function pthread_create exists in the pthreads failed with the following output:
Change Dir: /home/luan/depthsense/build/CMakeFiles/CMakeTmp

Run Build Command:/usr/bin/make "cmTryCompileExec812908780/fast"
/usr/bin/make -f CMakeFiles/cmTryCompileExec812908780.dir/build.make CMakeFiles/cmTryCompileExec812908780.dir/build
make[1]: Entering directory `/home/luan/depthsense/build/CMakeFiles/CMakeTmp'
/usr/bin/cmake -E cmake_progress_report /home/luan/depthsense/build/CMakeFiles/CMakeTmp/CMakeFiles 1
Building C object CMakeFiles/cmTryCompileExec812908780.dir/CheckFunctionExists.c.o
/usr/bin/cc   -DCHECK_FUNCTION_EXISTS=pthread_create   -o CMakeFiles/cmTryCompileExec812908780.dir/CheckFunctionExists.c.o   -c /usr/share/cmake-2.8/Modules/CheckFunctionExists.c
Linking C executable cmTryCompileExec812908780
/usr/bin/cmake -E cmake_link_script CMakeFiles/cmTryCompileExec812908780.dir/link.txt --verbose=1
/usr/bin/cc   -DCHECK_FUNCTION_EXISTS=pthread_create    CMakeFiles/cmTryCompileExec812908780.dir/CheckFunctionExists.c.o  -o cmTryCompileExec812908780 -rdynamic -lpthreads 
/usr/bin/ld: cannot find -lpthreads
collect2: error: ld returned 1 exit status
make[1]: *** [cmTryCompileExec812908780] Error 1
make[1]: Leaving directory `/home/luan/depthsense/build/CMakeFiles/CMakeTmp'
make: *** [cmTryCompileExec812908780/fast] Error 2


